<?xml version="1.0" encoding="UTF-8"?>
<testsuite xmlns:xsi="http://www.w3.org/2001/XMLSchema-instance" xsi:noNamespaceSchemaLocation="https://maven.apache.org/surefire/maven-surefire-plugin/xsd/surefire-test-report.xsd" name="com.zitro.test.service.CasinoServiceTest" time="6.297" tests="9" errors="0" skipped="0" failures="0">
  <properties>
[...]
</properties>
  <testcase name="when_addPlayerToPlatform_then_ok" classname="com.zitro.test.service.CasinoServiceTest" time="0.05"/>
  <testcase name="when_selectGameType_byGameTypeId_then_Exception" classname="com.zitro.test.service.CasinoServiceTest" time="0.01"/>
  <testcase name="when_selectGameType_then_ok" classname="com.zitro.test.service.CasinoServiceTest" time="0.005"/>
  <testcase name="when_bet_then_ok" classname="com.zitro.test.service.CasinoServiceTest" time="0.01"/>
  <testcase name="when_bet_provability_false_then_ok" classname="com.zitro.test.service.CasinoServiceTest" time="0.007"/>
  <testcase name="when_startGame_then_Exception" classname="com.zitro.test.service.CasinoServiceTest" time="0.023"/>
  <testcase name="when_startGame_then_ok" classname="com.zitro.test.service.CasinoServiceTest" time="0.003"/>
  <testcase name="when_bet_then_Exception" classname="com.zitro.test.service.CasinoServiceTest" time="0"/>
  <testcase name="when_selectGameType_byGameTypeId_then_ok" classname="com.zitro.test.service.CasinoServiceTest" time="0.005"/>
</testsuite>